<?xml version="1.0" encoding="UTF-8"?>
<!-- Generated by org.testng.reporters.JUnitReportReporter -->
<testsuite hostname="DESKTOP-43RAE4L" failures="0" tests="1" name="ram.One" time="0.019" errors="0" timestamp="2023-09-07T16:39:23 IST" skipped="0">
  <testcase classname="ram.One" name="aa" time="0.019"/>
  <system-out>
    <![CDATA[boss hii]]>
  </system-out>
</testsuite> <!-- ram.One -->
